<?xml version="1.0" encoding="UTF-8"?>
<testsuite xmlns:xsi="http://www.w3.org/2001/XMLSchema-instance" xsi:noNamespaceSchemaLocation="https://maven.apache.org/surefire/maven-failsafe-plugin/xsd/failsafe-test-report-3.0.xsd" version="3.0" name="starter.SerenityRunnerTest" time="50.586" tests="6" errors="0" skipped="0" failures="0">
  <properties>
[...]
</properties>
  <testcase name="Iniciar sesion con credenciales validas" classname="Acceder a Pagina" time="10.86">
    <system-out><![CDATA[14:54:51,614 |-INFO in ch.qos.logback.classic.LoggerContext[default] - This is logback-classic version 1.4.14
14:54:51,616 |-INFO in ch.qos.logback.classic.util.ContextInitializer@27f981c6 - No custom configurators were discovered as a service.
14:54:51,616 |-INFO in ch.qos.logback.classic.util.ContextInitializer@27f981c6 - Trying to configure with ch.qos.logback.classic.joran.SerializedModelConfigurator
14:54:51,617 |-INFO in ch.qos.logback.classic.util.ContextInitializer@27f981c6 - Constructed configurator of type class ch.qos.logback.classic.joran.SerializedModelConfigurator
14:54:51,622 |-INFO in ch.qos.logback.classic.LoggerContext[default] - Could NOT find resource [logback-test.scmo]
14:54:51,623 |-INFO in ch.qos.logback.classic.LoggerContext[default] - Could NOT find resource [logback.scmo]
14:54:51,632 |-INFO in ch.qos.logback.classic.util.ContextInitializer@27f981c6 - ch.qos.logback.classic.joran.SerializedModelConfigurator.configure() call lasted 6 milliseconds. ExecutionStatus=INVOKE_NEXT_IF_ANY
14:54:51,632 |-INFO in ch.qos.logback.classic.util.ContextInitializer@27f981c6 - Trying to configure with ch.qos.logback.classic.util.DefaultJoranConfigurator
14:54:51,633 |-INFO in ch.qos.logback.classic.util.ContextInitializer@27f981c6 - Constructed configurator of type class ch.qos.logback.classic.util.DefaultJoranConfigurator
14:54:51,637 |-INFO in ch.qos.logback.classic.LoggerContext[default] - Found resource [logback-test.xml] at [file:/D:/StartSharpHRM/target/test-classes/logback-test.xml]
14:54:51,764 |-WARN in ch.qos.logback.core.model.processor.AppenderModelHandler - Appender named [STOUT] not referenced. Skipping further processing.
14:54:51,764 |-INFO in ch.qos.logback.classic.model.processor.LoggerModelHandler - Setting level of logger [root] to DEBUG
14:54:51,764 |-INFO in ch.qos.logback.classic.model.processor.LoggerModelHandler - Setting level of logger [net.serenitybdd] to INFO
14:54:51,764 |-INFO in ch.qos.logback.classic.model.processor.LoggerModelHandler - Setting level of logger [net.thucydides] to INFO
14:54:51,764 |-INFO in ch.qos.logback.core.model.processor.DefaultProcessor@1b11171f - End of configuration.
14:54:51,765 |-INFO in ch.qos.logback.classic.joran.JoranConfigurator@1151e434 - Registering current configuration as safe fallback point
14:54:51,765 |-INFO in ch.qos.logback.classic.util.ContextInitializer@27f981c6 - ch.qos.logback.classic.util.DefaultJoranConfigurator.configure() call lasted 132 milliseconds. ExecutionStatus=DO_NOT_INVOKE_NEXT_IF_ANY


@CredencialesValidas
Escenario: Iniciar sesion con credenciales validas               &amp#27;[90m# src/test/resources/features/PaginaDeInicio.feature:7&amp#27;[0m
  &amp#27;[32mDado &amp#27;[0m&amp#27;[32mEl usuario esta en la pagina de inicio&amp#27;[0m                    &amp#27;[90m# starter.stepdefinitions.LoginPageDefinitions.elUsuarioEstaEnLaPaginaDeInicio()&amp#27;[0m
  &amp#27;[32mCuando &amp#27;[0m&amp#27;[32mEl usuario introduce el nombre de usuario &amp#27;[0m&amp#27;[32m&amp#27;[1madmin&amp#27;[0m         &amp#27;[90m# starter.stepdefinitions.LoginPageDefinitions.elUsuarioIntroduceElNombreDeUsuario(java.lang.String)&amp#27;[0m
  &amp#27;[32mY &amp#27;[0m&amp#27;[32mEl usuario introduce contrasena como &amp#27;[0m&amp#27;[32m&amp#27;[1mserenity&amp#27;[0m                &amp#27;[90m# starter.stepdefinitions.LoginPageDefinitions.elUsuarioIntroduceContrasena(java.lang.String)&amp#27;[0m
  &amp#27;[32mEntonces &amp#27;[0m&amp#27;[32mEl usuario deberia poder iniciar sesion correctamente&amp#27;[0m &amp#27;[90m# starter.stepdefinitions.LoginPageDefinitions.elUsuarioDeberiaPoderInniciarSesionCorrectamente()&amp#27;[0m
]]></system-out>
    <system-err><![CDATA[jun 12, 2024 2:54:59 P. M. org.openqa.selenium.devtools.CdpVersionFinder findNearestMatch
WARNING: Unable to find an exact match for CDP version 125, returning the closest version; found: 122; Please update to a Selenium version that supports CDP version 125
]]></system-err>
  </testcase>
  <testcase name="Inicio de sesion con credenciales no validas #1" classname="Acceder a Pagina" time="7.2">
    <system-out><![CDATA[
@CredencialesInvalidas
Esquema del escenario: Inicio de sesion con credenciales no validas                                                      &amp#27;[90m# src/test/resources/features/PaginaDeInicio.feature:21&amp#27;[0m
  &amp#27;[32mDado &amp#27;[0m&amp#27;[32mEl usuario esta en la pagina de inicio&amp#27;[0m                                                                            &amp#27;[90m# starter.stepdefinitions.LoginPageDefinitions.elUsuarioEstaEnLaPaginaDeInicio()&amp#27;[0m
  &amp#27;[32mCuando &amp#27;[0m&amp#27;[32mEl usuario introduce el nombre de usuario &amp#27;[0m&amp#27;[32m&amp#27;[1madmin&amp#27;[0m                                                                 &amp#27;[90m# starter.stepdefinitions.LoginPageDefinitions.elUsuarioIntroduceElNombreDeUsuario(java.lang.String)&amp#27;[0m
  &amp#27;[32mY &amp#27;[0m&amp#27;[32mEl usuario introduce contrasena como &amp#27;[0m&amp#27;[32m&amp#27;[1madmin&amp#27;[0m                                                                           &amp#27;[90m# starter.stepdefinitions.LoginPageDefinitions.elUsuarioIntroduceContrasena(java.lang.String)&amp#27;[0m
  &amp#27;[32mEntonces &amp#27;[0m&amp#27;[32mEl usuario debe poder ver el mensaje de error &amp#27;[0m&amp#27;[32m&amp#27;[1mError de validaciÃ³n: Â¡Nombre de usuario o contraseÃ±a invÃ¡lidos!&amp#27;[0m &amp#27;[90m# starter.stepdefinitions.LoginPageDefinitions.elUsuarioDebePoderVerElMensajeDeError(java.lang.String)&amp#27;[0m
]]></system-out>
    <system-err><![CDATA[jun 12, 2024 2:55:07 P. M. org.openqa.selenium.devtools.CdpVersionFinder findNearestMatch
WARNING: Unable to find an exact match for CDP version 125, returning the closest version; found: 122; Please update to a Selenium version that supports CDP version 125
]]></system-err>
  </testcase>
  <testcase name="Inicio de sesion con credenciales no validas #2" classname="Acceder a Pagina" time="6.902">
    <system-out><![CDATA[
@CredencialesInvalidas
Esquema del escenario: Inicio de sesion con credenciales no validas                                                      &amp#27;[90m# src/test/resources/features/PaginaDeInicio.feature:22&amp#27;[0m
  &amp#27;[32mDado &amp#27;[0m&amp#27;[32mEl usuario esta en la pagina de inicio&amp#27;[0m                                                                            &amp#27;[90m# starter.stepdefinitions.LoginPageDefinitions.elUsuarioEstaEnLaPaginaDeInicio()&amp#27;[0m
  &amp#27;[32mCuando &amp#27;[0m&amp#27;[32mEl usuario introduce el nombre de usuario &amp#27;[0m&amp#27;[32m&amp#27;[1mabc&amp#27;[0m                                                                   &amp#27;[90m# starter.stepdefinitions.LoginPageDefinitions.elUsuarioIntroduceElNombreDeUsuario(java.lang.String)&amp#27;[0m
  &amp#27;[32mY &amp#27;[0m&amp#27;[32mEl usuario introduce contrasena como &amp#27;[0m&amp#27;[32m&amp#27;[1madmin123&amp#27;[0m                                                                        &amp#27;[90m# starter.stepdefinitions.LoginPageDefinitions.elUsuarioIntroduceContrasena(java.lang.String)&amp#27;[0m
  &amp#27;[32mEntonces &amp#27;[0m&amp#27;[32mEl usuario debe poder ver el mensaje de error &amp#27;[0m&amp#27;[32m&amp#27;[1mError de validaciÃ³n: Â¡Nombre de usuario o contraseÃ±a invÃ¡lidos!&amp#27;[0m &amp#27;[90m# starter.stepdefinitions.LoginPageDefinitions.elUsuarioDebePoderVerElMensajeDeError(java.lang.String)&amp#27;[0m
]]></system-out>
    <system-err><![CDATA[jun 12, 2024 2:55:14 P. M. org.openqa.selenium.devtools.CdpVersionFinder findNearestMatch
WARNING: Unable to find an exact match for CDP version 125, returning the closest version; found: 122; Please update to a Selenium version that supports CDP version 125
]]></system-err>
  </testcase>
  <testcase name="Inicio de sesion con credenciales no validas #3" classname="Acceder a Pagina" time="6.877">
    <system-out><![CDATA[
@CredencialesInvalidas
Esquema del escenario: Inicio de sesion con credenciales no validas                                                      &amp#27;[90m# src/test/resources/features/PaginaDeInicio.feature:23&amp#27;[0m
  &amp#27;[32mDado &amp#27;[0m&amp#27;[32mEl usuario esta en la pagina de inicio&amp#27;[0m                                                                            &amp#27;[90m# starter.stepdefinitions.LoginPageDefinitions.elUsuarioEstaEnLaPaginaDeInicio()&amp#27;[0m
  &amp#27;[32mCuando &amp#27;[0m&amp#27;[32mEl usuario introduce el nombre de usuario &amp#27;[0m&amp#27;[32m&amp#27;[1mabc&amp#27;[0m                                                                   &amp#27;[90m# starter.stepdefinitions.LoginPageDefinitions.elUsuarioIntroduceElNombreDeUsuario(java.lang.String)&amp#27;[0m
  &amp#27;[32mY &amp#27;[0m&amp#27;[32mEl usuario introduce contrasena como &amp#27;[0m&amp#27;[32m&amp#27;[1mabc123&amp#27;[0m                                                                          &amp#27;[90m# starter.stepdefinitions.LoginPageDefinitions.elUsuarioIntroduceContrasena(java.lang.String)&amp#27;[0m
  &amp#27;[32mEntonces &amp#27;[0m&amp#27;[32mEl usuario debe poder ver el mensaje de error &amp#27;[0m&amp#27;[32m&amp#27;[1mError de validaciÃ³n: Â¡Nombre de usuario o contraseÃ±a invÃ¡lidos!&amp#27;[0m &amp#27;[90m# starter.stepdefinitions.LoginPageDefinitions.elUsuarioDebePoderVerElMensajeDeError(java.lang.String)&amp#27;[0m
]]></system-out>
    <system-err><![CDATA[jun 12, 2024 2:55:21 P. M. org.openqa.selenium.devtools.CdpVersionFinder findNearestMatch
WARNING: Unable to find an exact match for CDP version 125, returning the closest version; found: 122; Please update to a Selenium version that supports CDP version 125
]]></system-err>
  </testcase>
  <testcase name="Inicio de sesion con credenciales no validas #4" classname="Acceder a Pagina" time="6.796">
    <system-out><![CDATA[
@CredencialesInvalidas
Esquema del escenario: Inicio de sesion con credenciales no validas                                                      &amp#27;[90m# src/test/resources/features/PaginaDeInicio.feature:24&amp#27;[0m
  &amp#27;[32mDado &amp#27;[0m&amp#27;[32mEl usuario esta en la pagina de inicio&amp#27;[0m                                                                            &amp#27;[90m# starter.stepdefinitions.LoginPageDefinitions.elUsuarioEstaEnLaPaginaDeInicio()&amp#27;[0m
  &amp#27;[32mCuando &amp#27;[0m&amp#27;[32mEl usuario introduce el nombre de usuario &amp#27;[0m&amp#27;[32m&amp#27;[1m1#$"&amp#27;[0m                                                                  &amp#27;[90m# starter.stepdefinitions.LoginPageDefinitions.elUsuarioIntroduceElNombreDeUsuario(java.lang.String)&amp#27;[0m
  &amp#27;[32mY &amp#27;[0m&amp#27;[32mEl usuario introduce contrasena como &amp#27;[0m&amp#27;[32m&amp#27;[1m45'#%&amp#27;[0m                                                                           &amp#27;[90m# starter.stepdefinitions.LoginPageDefinitions.elUsuarioIntroduceContrasena(java.lang.String)&amp#27;[0m
  &amp#27;[32mEntonces &amp#27;[0m&amp#27;[32mEl usuario debe poder ver el mensaje de error &amp#27;[0m&amp#27;[32m&amp#27;[1mError de validaciÃ³n: Â¡Nombre de usuario o contraseÃ±a invÃ¡lidos!&amp#27;[0m &amp#27;[90m# starter.stepdefinitions.LoginPageDefinitions.elUsuarioDebePoderVerElMensajeDeError(java.lang.String)&amp#27;[0m
]]></system-out>
    <system-err><![CDATA[jun 12, 2024 2:55:28 P. M. org.openqa.selenium.devtools.CdpVersionFinder findNearestMatch
WARNING: Unable to find an exact match for CDP version 125, returning the closest version; found: 122; Please update to a Selenium version that supports CDP version 125
]]></system-err>
  </testcase>
  <testcase name="Verificar la funcionalidad de olvido de contrasena" classname="Acceder a Pagina" time="8.946">
    <system-out><![CDATA[
@OlvidoContrasena
Escenario: Verificar la funcionalidad de olvido de contrasena                                         &amp#27;[90m# src/test/resources/features/PaginaDeInicio.feature:27&amp#27;[0m
  &amp#27;[32mDado &amp#27;[0m&amp#27;[32mEl usuario esta en la pagina de inicio&amp#27;[0m                                                         &amp#27;[90m# starter.stepdefinitions.LoginPageDefinitions.elUsuarioEstaEnLaPaginaDeInicio()&amp#27;[0m
Clicked on Forguet Password Link
  &amp#27;[32mCuando &amp#27;[0m&amp#27;[32mEl usuario hace click en el enlace olvido su contrasena&amp#27;[0m                                      &amp#27;[90m# starter.stepdefinitions.LoginPageDefinitions.elUsuarioHaceClickEnElEnlaceOlvidoSuContrasena()&amp#27;[0m
  &amp#27;[32mEntonces &amp#27;[0m&amp#27;[32mEl usuario debe poder ver una nueva pagina que contenga el boton de restablecer contrasena&amp#27;[0m &amp#27;[90m# starter.stepdefinitions.LoginPageDefinitions.elUsuarioDebePoderVerUnaNuevaPaginaQueContengaElBotonDeRestablecerContrasena()&amp#27;[0m
]]></system-out>
    <system-err><![CDATA[jun 12, 2024 2:55:35 P. M. org.openqa.selenium.devtools.CdpVersionFinder findNearestMatch
WARNING: Unable to find an exact match for CDP version 125, returning the closest version; found: 122; Please update to a Selenium version that supports CDP version 125
]]></system-err>
  </testcase>
</testsuite>